;  LST file generated by mikroListExporter - v.2.0 
; Date/Time: 06-Sep-16 12:17:59 PM
;----------------------------------------------

;Address Opcode 	ASM
0x0000	0x2855      	GOTO       85
_____DoICP:
;__Lib_System.c,6 :: 		
;__Lib_System.c,9 :: 		
0x0003	0x1283      	BCF        STATUS, 5
0x0004	0x1303      	BCF        STATUS, 6
0x0005	0x086C      	MOVF       ___DoICPAddr+1, 0
0x0006	0x008A      	MOVWF      PCLATH
;__Lib_System.c,10 :: 		
0x0007	0x086B      	MOVF       ___DoICPAddr, 0
0x0008	0x0082      	MOVWF      PCL
;__Lib_System.c,12 :: 		
L_end_____DoICP:
0x0009	0x0008      	RETURN
; end of _____DoICP
___CC2DW:
;__Lib_System.c,134 :: 		
;__Lib_System.c,137 :: 		
_CC2D_Loop1:
;__Lib_System.c,139 :: 		
0x000A	0x2003      	CALL       _____DoICP
0x000B	0x118A      	BCF        PCLATH, 3
0x000C	0x120A      	BCF        PCLATH, 4
;__Lib_System.c,141 :: 		
0x000D	0x0080      	MOVWF      INDF
;__Lib_System.c,142 :: 		
0x000E	0x0A84      	INCF       FSR, 1
;__Lib_System.c,143 :: 		
0x000F	0x0AEB      	INCF       ___DoICPAddr, 1
;__Lib_System.c,145 :: 		
0x0010	0x1903      	BTFSC      STATUS, 2
;__Lib_System.c,146 :: 		
0x0011	0x0AEC      	INCF       ___DoICPAddr+1, 1
;__Lib_System.c,147 :: 		
0x0012	0x03F0      	DECF       R0, 1
;__Lib_System.c,149 :: 		
0x0013	0x1D03      	BTFSS      STATUS, 2
;__Lib_System.c,150 :: 		
0x0014	0x280A      	GOTO       _CC2D_Loop1
;__Lib_System.c,152 :: 		
L_end___CC2DW:
0x0015	0x0008      	RETURN
; end of ___CC2DW
_check:
;8x40 PC.c,19 :: 		void check(){
;8x40 PC.c,20 :: 		if(portc.f4){delay_ms(300); flag1 = ~flag1; flag2 = 0; flag3 = 0;}
0x0016	0x1283      	BCF        STATUS, 5
0x0017	0x1303      	BCF        STATUS, 6
0x0018	0x1E07      	BTFSS      PORTC, 4
0x0019	0x282C      	GOTO       L_check0
0x001A	0x3008      	MOVLW      8
0x001B	0x00FB      	MOVWF      R11
0x001C	0x309D      	MOVLW      157
0x001D	0x00FC      	MOVWF      R12
0x001E	0x3005      	MOVLW      5
0x001F	0x00FD      	MOVWF      R13
L_check1:
0x0020	0x0BFD      	DECFSZ     R13, 1
0x0021	0x2820      	GOTO       L_check1
0x0022	0x0BFC      	DECFSZ     R12, 1
0x0023	0x2820      	GOTO       L_check1
0x0024	0x0BFB      	DECFSZ     R11, 1
0x0025	0x2820      	GOTO       L_check1
0x0026	0x0000      	NOP
0x0027	0x0000      	NOP
0x0028	0x3004      	MOVLW      4
0x0029	0x06DE      	XORWF      _flag1, 1
0x002A	0x10DE      	BCF        _flag2, BitPos(_flag2+0)
0x002B	0x105E      	BCF        _flag3, BitPos(_flag3+0)
L_check0:
;8x40 PC.c,21 :: 		if(portc.f5){delay_ms(300); flag2 = ~flag2; flag1 = 0; flag3 = 0;}
0x002C	0x1E87      	BTFSS      PORTC, 5
0x002D	0x2840      	GOTO       L_check2
0x002E	0x3008      	MOVLW      8
0x002F	0x00FB      	MOVWF      R11
0x0030	0x309D      	MOVLW      157
0x0031	0x00FC      	MOVWF      R12
0x0032	0x3005      	MOVLW      5
0x0033	0x00FD      	MOVWF      R13
L_check3:
0x0034	0x0BFD      	DECFSZ     R13, 1
0x0035	0x2834      	GOTO       L_check3
0x0036	0x0BFC      	DECFSZ     R12, 1
0x0037	0x2834      	GOTO       L_check3
0x0038	0x0BFB      	DECFSZ     R11, 1
0x0039	0x2834      	GOTO       L_check3
0x003A	0x0000      	NOP
0x003B	0x0000      	NOP
0x003C	0x3002      	MOVLW      2
0x003D	0x06DE      	XORWF      _flag2, 1
0x003E	0x115E      	BCF        _flag1, BitPos(_flag1+0)
0x003F	0x105E      	BCF        _flag3, BitPos(_flag3+0)
L_check2:
;8x40 PC.c,22 :: 		if(portc.f6){delay_ms(300); flag3 = ~flag3; flag1 = 0; flag2 = 0;}
0x0040	0x1F07      	BTFSS      PORTC, 6
0x0041	0x2854      	GOTO       L_check4
0x0042	0x3008      	MOVLW      8
0x0043	0x00FB      	MOVWF      R11
0x0044	0x309D      	MOVLW      157
0x0045	0x00FC      	MOVWF      R12
0x0046	0x3005      	MOVLW      5
0x0047	0x00FD      	MOVWF      R13
L_check5:
0x0048	0x0BFD      	DECFSZ     R13, 1
0x0049	0x2848      	GOTO       L_check5
0x004A	0x0BFC      	DECFSZ     R12, 1
0x004B	0x2848      	GOTO       L_check5
0x004C	0x0BFB      	DECFSZ     R11, 1
0x004D	0x2848      	GOTO       L_check5
0x004E	0x0000      	NOP
0x004F	0x0000      	NOP
0x0050	0x3001      	MOVLW      1
0x0051	0x06DE      	XORWF      _flag3, 1
0x0052	0x115E      	BCF        _flag1, BitPos(_flag1+0)
0x0053	0x10DE      	BCF        _flag2, BitPos(_flag2+0)
L_check4:
;8x40 PC.c,23 :: 		}
L_end_check:
0x0054	0x0008      	RETURN
; end of _check
_main:
0x0055	0x2656      	CALL       1622
;8x40 PC.c,25 :: 		void main() {
;8x40 PC.c,26 :: 		trisc = 0b01110000;
0x0056	0x3070      	MOVLW      112
0x0057	0x1683      	BSF        STATUS, 5
0x0058	0x1303      	BCF        STATUS, 6
0x0059	0x0087      	MOVWF      TRISC
;8x40 PC.c,27 :: 		trisb=0; portb=0; portc = 0;
0x005A	0x0186      	CLRF       TRISB
0x005B	0x1283      	BCF        STATUS, 5
0x005C	0x0186      	CLRF       PORTB
0x005D	0x0187      	CLRF       PORTC
;8x40 PC.c,28 :: 		delay_ms(500);
0x005E	0x300D      	MOVLW      13
0x005F	0x00FB      	MOVWF      R11
0x0060	0x30AF      	MOVLW      175
0x0061	0x00FC      	MOVWF      R12
0x0062	0x30B6      	MOVLW      182
0x0063	0x00FD      	MOVWF      R13
L_main6:
0x0064	0x0BFD      	DECFSZ     R13, 1
0x0065	0x2864      	GOTO       L_main6
0x0066	0x0BFC      	DECFSZ     R12, 1
0x0067	0x2864      	GOTO       L_main6
0x0068	0x0BFB      	DECFSZ     R11, 1
0x0069	0x2864      	GOTO       L_main6
0x006A	0x0000      	NOP
;8x40 PC.c,29 :: 		flag1 = 0; flag2 = 0; flag3 = 0;
0x006B	0x115E      	BCF        _flag1, BitPos(_flag1+0)
0x006C	0x10DE      	BCF        _flag2, BitPos(_flag2+0)
0x006D	0x105E      	BCF        _flag3, BitPos(_flag3+0)
;8x40 PC.c,30 :: 		for(x=0;x<=40;x++){
0x006E	0x01DD      	CLRF       _x
L_main7:
0x006F	0x085D      	MOVF       _x, 0
0x0070	0x3C28      	SUBLW      40
0x0071	0x1C03      	BTFSS      STATUS, 0
0x0072	0x2879      	GOTO       L_main8
;8x40 PC.c,31 :: 		movee[x] = 0;
0x0073	0x085D      	MOVF       _x, 0
0x0074	0x3EA0      	ADDLW      _movee
0x0075	0x0084      	MOVWF      FSR
0x0076	0x0180      	CLRF       INDF
;8x40 PC.c,30 :: 		for(x=0;x<=40;x++){
0x0077	0x0ADD      	INCF       _x, 1
;8x40 PC.c,32 :: 		}
0x0078	0x286F      	GOTO       L_main7
L_main8:
;8x40 PC.c,34 :: 		while(1){
L_main10:
;8x40 PC.c,35 :: 		if(flag1){
0x0079	0x1D5E      	BTFSS      _flag1, BitPos(_flag1+0)
0x007A	0x292A      	GOTO       L_main12
;8x40 PC.c,36 :: 		for(ll=0;ll<14;ll++){
0x007B	0x01DF      	CLRF       _ll
0x007C	0x01E0      	CLRF       _ll+1
L_main13:
0x007D	0x3000      	MOVLW      0
0x007E	0x0260      	SUBWF      _ll+1, 0
0x007F	0x1D03      	BTFSS      STATUS, 2
0x0080	0x2883      	GOTO       L__main84
0x0081	0x300E      	MOVLW      14
0x0082	0x025F      	SUBWF      _ll, 0
L__main84:
0x0083	0x1803      	BTFSC      STATUS, 0
0x0084	0x2929      	GOTO       L_main14
;8x40 PC.c,37 :: 		adress = msg1[ll] - 32;
0x0085	0x085F      	MOVF       _ll, 0
0x0086	0x3E4E      	ADDLW      _msg1
0x0087	0x0084      	MOVWF      FSR
0x0088	0x3020      	MOVLW      32
0x0089	0x0200      	SUBWF      INDF, 0
0x008A	0x00F3      	MOVWF      R3
0x008B	0x01F4      	CLRF       R3+1
0x008C	0x1C03      	BTFSS      STATUS, 0
0x008D	0x03F4      	DECF       R3+1, 1
0x008E	0x0873      	MOVF       R3, 0
0x008F	0x00E5      	MOVWF      _adress
0x0090	0x0874      	MOVF       R3+1, 0
0x0091	0x00E6      	MOVWF      _adress+1
;8x40 PC.c,38 :: 		adress = adress * 8 ;
0x0092	0x3003      	MOVLW      3
0x0093	0x00F2      	MOVWF      R2
0x0094	0x0873      	MOVF       R3, 0
0x0095	0x00F0      	MOVWF      R0
0x0096	0x0874      	MOVF       R3+1, 0
0x0097	0x00F1      	MOVWF      R0+1
0x0098	0x0872      	MOVF       R2, 0
L__main85:
0x0099	0x1903      	BTFSC      STATUS, 2
0x009A	0x28A0      	GOTO       L__main86
0x009B	0x0DF0      	RLF        R0, 1
0x009C	0x0DF1      	RLF        R0+1, 1
0x009D	0x1070      	BCF        R0, 0
0x009E	0x3EFF      	ADDLW      255
0x009F	0x2899      	GOTO       L__main85
L__main86:
0x00A0	0x0870      	MOVF       R0, 0
0x00A1	0x00E5      	MOVWF      _adress
0x00A2	0x0871      	MOVF       R0+1, 0
0x00A3	0x00E6      	MOVWF      _adress+1
;8x40 PC.c,39 :: 		for(count2=adress;count2<adress+8;count2++){
0x00A4	0x0870      	MOVF       R0, 0
0x00A5	0x00E9      	MOVWF      _count2
0x00A6	0x0871      	MOVF       R0+1, 0
0x00A7	0x00EA      	MOVWF      _count2+1
L_main16:
0x00A8	0x3008      	MOVLW      8
0x00A9	0x0765      	ADDWF      _adress, 0
0x00AA	0x00F1      	MOVWF      R1
0x00AB	0x0866      	MOVF       _adress+1, 0
0x00AC	0x1803      	BTFSC      STATUS, 0
0x00AD	0x3E01      	ADDLW      1
0x00AE	0x00F2      	MOVWF      R1+1
0x00AF	0x0872      	MOVF       R1+1, 0
0x00B0	0x026A      	SUBWF      _count2+1, 0
0x00B1	0x1D03      	BTFSS      STATUS, 2
0x00B2	0x28B5      	GOTO       L__main87
0x00B3	0x0871      	MOVF       R1, 0
0x00B4	0x0269      	SUBWF      _count2, 0
L__main87:
0x00B5	0x1803      	BTFSC      STATUS, 0
0x00B6	0x2925      	GOTO       L_main17
;8x40 PC.c,40 :: 		for(count3=0;count3<40;count3++){movee[count3] = movee[count3 + 1];}
0x00B7	0x01E7      	CLRF       _count3
0x00B8	0x01E8      	CLRF       _count3+1
L_main19:
0x00B9	0x3000      	MOVLW      0
0x00BA	0x0268      	SUBWF      _count3+1, 0
0x00BB	0x1D03      	BTFSS      STATUS, 2
0x00BC	0x28BF      	GOTO       L__main88
0x00BD	0x3028      	MOVLW      40
0x00BE	0x0267      	SUBWF      _count3, 0
L__main88:
0x00BF	0x1803      	BTFSC      STATUS, 0
0x00C0	0x28D9      	GOTO       L_main20
0x00C1	0x0867      	MOVF       _count3, 0
0x00C2	0x3EA0      	ADDLW      _movee
0x00C3	0x00F2      	MOVWF      R2
0x00C4	0x0867      	MOVF       _count3, 0
0x00C5	0x3E01      	ADDLW      1
0x00C6	0x00F0      	MOVWF      R0
0x00C7	0x3000      	MOVLW      0
0x00C8	0x1803      	BTFSC      STATUS, 0
0x00C9	0x3E01      	ADDLW      1
0x00CA	0x0768      	ADDWF      _count3+1, 0
0x00CB	0x00F1      	MOVWF      R0+1
0x00CC	0x0870      	MOVF       R0, 0
0x00CD	0x3EA0      	ADDLW      _movee
0x00CE	0x0084      	MOVWF      FSR
0x00CF	0x0800      	MOVF       INDF, 0
0x00D0	0x00F0      	MOVWF      R0
0x00D1	0x0872      	MOVF       R2, 0
0x00D2	0x0084      	MOVWF      FSR
0x00D3	0x0870      	MOVF       R0, 0
0x00D4	0x0080      	MOVWF      INDF
0x00D5	0x0AE7      	INCF       _count3, 1
0x00D6	0x1903      	BTFSC      STATUS, 2
0x00D7	0x0AE8      	INCF       _count3+1, 1
0x00D8	0x28B9      	GOTO       L_main19
L_main20:
;8x40 PC.c,41 :: 		movee[40] = Character[count2] ;
0x00D9	0x0869      	MOVF       _count2, 0
0x00DA	0x3E41      	ADDLW      _Character
0x00DB	0x00F0      	MOVWF      R0
0x00DC	0x3003      	MOVLW      hi_addr(_Character)
0x00DD	0x1803      	BTFSC      STATUS, 0
0x00DE	0x3E01      	ADDLW      1
0x00DF	0x076A      	ADDWF      _count2+1, 0
0x00E0	0x00F1      	MOVWF      R0+1
0x00E1	0x0870      	MOVF       R0, 0
0x00E2	0x00EB      	MOVWF      ___DoICPAddr
0x00E3	0x0871      	MOVF       R0+1, 0
0x00E4	0x00EC      	MOVWF      ___DoICPAddr+1
0x00E5	0x2003      	CALL       _____DoICP
0x00E6	0x118A      	BCF        PCLATH, 3
0x00E7	0x120A      	BCF        PCLATH, 4
0x00E8	0x1683      	BSF        STATUS, 5
0x00E9	0x00C8      	MOVWF      _movee+40
;8x40 PC.c,42 :: 		for(i2=0;i2<4;i2++){
0x00EA	0x1283      	BCF        STATUS, 5
0x00EB	0x01E3      	CLRF       _i2
0x00EC	0x01E4      	CLRF       _i2+1
L_main22:
0x00ED	0x3000      	MOVLW      0
0x00EE	0x0264      	SUBWF      _i2+1, 0
0x00EF	0x1D03      	BTFSS      STATUS, 2
0x00F0	0x28F3      	GOTO       L__main89
0x00F1	0x3004      	MOVLW      4
0x00F2	0x0263      	SUBWF      _i2, 0
L__main89:
0x00F3	0x1803      	BTFSC      STATUS, 0
0x00F4	0x2921      	GOTO       L_main23
;8x40 PC.c,43 :: 		ds=1;SH_CP=0;SH_CP=1;ST_CP=0;ST_CP=1;
0x00F5	0x1407      	BSF        PORTC, 0
0x00F6	0x1087      	BCF        PORTC, 1
0x00F7	0x1487      	BSF        PORTC, 1
0x00F8	0x1107      	BCF        PORTC, 2
0x00F9	0x1507      	BSF        PORTC, 2
;8x40 PC.c,44 :: 		for(i=0;i<=40;i++){
0x00FA	0x01E1      	CLRF       _i
0x00FB	0x01E2      	CLRF       _i+1
L_main25:
0x00FC	0x0862      	MOVF       _i+1, 0
0x00FD	0x3C00      	SUBLW      0
0x00FE	0x1D03      	BTFSS      STATUS, 2
0x00FF	0x2902      	GOTO       L__main90
0x0100	0x0861      	MOVF       _i, 0
0x0101	0x3C28      	SUBLW      40
L__main90:
0x0102	0x1C03      	BTFSS      STATUS, 0
0x0103	0x291D      	GOTO       L_main26
;8x40 PC.c,45 :: 		PORTB =~ movee[i];
0x0104	0x0861      	MOVF       _i, 0
0x0105	0x3EA0      	ADDLW      _movee
0x0106	0x0084      	MOVWF      FSR
0x0107	0x0900      	COMF       INDF, 0
0x0108	0x0086      	MOVWF      PORTB
;8x40 PC.c,46 :: 		delay_us(500);
0x0109	0x3004      	MOVLW      4
0x010A	0x00FC      	MOVWF      R12
0x010B	0x303D      	MOVLW      61
0x010C	0x00FD      	MOVWF      R13
L_main28:
0x010D	0x0BFD      	DECFSZ     R13, 1
0x010E	0x290D      	GOTO       L_main28
0x010F	0x0BFC      	DECFSZ     R12, 1
0x0110	0x290D      	GOTO       L_main28
0x0111	0x0000      	NOP
0x0112	0x0000      	NOP
;8x40 PC.c,47 :: 		ds=0;SH_CP=0;SH_CP=1;ST_CP=0;ST_CP=1;
0x0113	0x1007      	BCF        PORTC, 0
0x0114	0x1087      	BCF        PORTC, 1
0x0115	0x1487      	BSF        PORTC, 1
0x0116	0x1107      	BCF        PORTC, 2
0x0117	0x1507      	BSF        PORTC, 2
;8x40 PC.c,48 :: 		check();
0x0118	0x2016      	CALL       _check
;8x40 PC.c,44 :: 		for(i=0;i<=40;i++){
0x0119	0x0AE1      	INCF       _i, 1
0x011A	0x1903      	BTFSC      STATUS, 2
0x011B	0x0AE2      	INCF       _i+1, 1
;8x40 PC.c,49 :: 		}
0x011C	0x28FC      	GOTO       L_main25
L_main26:
;8x40 PC.c,42 :: 		for(i2=0;i2<4;i2++){
0x011D	0x0AE3      	INCF       _i2, 1
0x011E	0x1903      	BTFSC      STATUS, 2
0x011F	0x0AE4      	INCF       _i2+1, 1
;8x40 PC.c,50 :: 		}
0x0120	0x28ED      	GOTO       L_main22
L_main23:
;8x40 PC.c,39 :: 		for(count2=adress;count2<adress+8;count2++){
0x0121	0x0AE9      	INCF       _count2, 1
0x0122	0x1903      	BTFSC      STATUS, 2
0x0123	0x0AEA      	INCF       _count2+1, 1
;8x40 PC.c,51 :: 		}
0x0124	0x28A8      	GOTO       L_main16
L_main17:
;8x40 PC.c,36 :: 		for(ll=0;ll<14;ll++){
0x0125	0x0ADF      	INCF       _ll, 1
0x0126	0x1903      	BTFSC      STATUS, 2
0x0127	0x0AE0      	INCF       _ll+1, 1
;8x40 PC.c,52 :: 		}
0x0128	0x287D      	GOTO       L_main13
L_main14:
;8x40 PC.c,53 :: 		}
0x0129	0x2B3A      	GOTO       L_main29
L_main12:
;8x40 PC.c,54 :: 		else if(flag2){
0x012A	0x1CDE      	BTFSS      _flag2, BitPos(_flag2+0)
0x012B	0x29DB      	GOTO       L_main30
;8x40 PC.c,55 :: 		for(ll=0;ll<12;ll++){
0x012C	0x01DF      	CLRF       _ll
0x012D	0x01E0      	CLRF       _ll+1
L_main31:
0x012E	0x3000      	MOVLW      0
0x012F	0x0260      	SUBWF      _ll+1, 0
0x0130	0x1D03      	BTFSS      STATUS, 2
0x0131	0x2934      	GOTO       L__main91
0x0132	0x300C      	MOVLW      12
0x0133	0x025F      	SUBWF      _ll, 0
L__main91:
0x0134	0x1803      	BTFSC      STATUS, 0
0x0135	0x29DA      	GOTO       L_main32
;8x40 PC.c,56 :: 		adress = msg2[ll] - 32;
0x0136	0x085F      	MOVF       _ll, 0
0x0137	0x3E20      	ADDLW      _msg2
0x0138	0x0084      	MOVWF      FSR
0x0139	0x3020      	MOVLW      32
0x013A	0x0200      	SUBWF      INDF, 0
0x013B	0x00F3      	MOVWF      R3
0x013C	0x01F4      	CLRF       R3+1
0x013D	0x1C03      	BTFSS      STATUS, 0
0x013E	0x03F4      	DECF       R3+1, 1
0x013F	0x0873      	MOVF       R3, 0
0x0140	0x00E5      	MOVWF      _adress
0x0141	0x0874      	MOVF       R3+1, 0
0x0142	0x00E6      	MOVWF      _adress+1
;8x40 PC.c,57 :: 		adress = adress * 8 ;
0x0143	0x3003      	MOVLW      3
0x0144	0x00F2      	MOVWF      R2
0x0145	0x0873      	MOVF       R3, 0
0x0146	0x00F0      	MOVWF      R0
0x0147	0x0874      	MOVF       R3+1, 0
0x0148	0x00F1      	MOVWF      R0+1
0x0149	0x0872      	MOVF       R2, 0
L__main92:
0x014A	0x1903      	BTFSC      STATUS, 2
0x014B	0x2951      	GOTO       L__main93
0x014C	0x0DF0      	RLF        R0, 1
0x014D	0x0DF1      	RLF        R0+1, 1
0x014E	0x1070      	BCF        R0, 0
0x014F	0x3EFF      	ADDLW      255
0x0150	0x294A      	GOTO       L__main92
L__main93:
0x0151	0x0870      	MOVF       R0, 0
0x0152	0x00E5      	MOVWF      _adress
0x0153	0x0871      	MOVF       R0+1, 0
0x0154	0x00E6      	MOVWF      _adress+1
;8x40 PC.c,58 :: 		for(count2=adress;count2<adress+8;count2++){
0x0155	0x0870      	MOVF       R0, 0
0x0156	0x00E9      	MOVWF      _count2
0x0157	0x0871      	MOVF       R0+1, 0
0x0158	0x00EA      	MOVWF      _count2+1
L_main34:
0x0159	0x3008      	MOVLW      8
0x015A	0x0765      	ADDWF      _adress, 0
0x015B	0x00F1      	MOVWF      R1
0x015C	0x0866      	MOVF       _adress+1, 0
0x015D	0x1803      	BTFSC      STATUS, 0
0x015E	0x3E01      	ADDLW      1
0x015F	0x00F2      	MOVWF      R1+1
0x0160	0x0872      	MOVF       R1+1, 0
0x0161	0x026A      	SUBWF      _count2+1, 0
0x0162	0x1D03      	BTFSS      STATUS, 2
0x0163	0x2966      	GOTO       L__main94
0x0164	0x0871      	MOVF       R1, 0
0x0165	0x0269      	SUBWF      _count2, 0
L__main94:
0x0166	0x1803      	BTFSC      STATUS, 0
0x0167	0x29D6      	GOTO       L_main35
;8x40 PC.c,59 :: 		for(count3=0;count3<40;count3++){movee[count3] = movee[count3 + 1];}
0x0168	0x01E7      	CLRF       _count3
0x0169	0x01E8      	CLRF       _count3+1
L_main37:
0x016A	0x3000      	MOVLW      0
0x016B	0x0268      	SUBWF      _count3+1, 0
0x016C	0x1D03      	BTFSS      STATUS, 2
0x016D	0x2970      	GOTO       L__main95
0x016E	0x3028      	MOVLW      40
0x016F	0x0267      	SUBWF      _count3, 0
L__main95:
0x0170	0x1803      	BTFSC      STATUS, 0
0x0171	0x298A      	GOTO       L_main38
0x0172	0x0867      	MOVF       _count3, 0
0x0173	0x3EA0      	ADDLW      _movee
0x0174	0x00F2      	MOVWF      R2
0x0175	0x0867      	MOVF       _count3, 0
0x0176	0x3E01      	ADDLW      1
0x0177	0x00F0      	MOVWF      R0
0x0178	0x3000      	MOVLW      0
0x0179	0x1803      	BTFSC      STATUS, 0
0x017A	0x3E01      	ADDLW      1
0x017B	0x0768      	ADDWF      _count3+1, 0
0x017C	0x00F1      	MOVWF      R0+1
0x017D	0x0870      	MOVF       R0, 0
0x017E	0x3EA0      	ADDLW      _movee
0x017F	0x0084      	MOVWF      FSR
0x0180	0x0800      	MOVF       INDF, 0
0x0181	0x00F0      	MOVWF      R0
0x0182	0x0872      	MOVF       R2, 0
0x0183	0x0084      	MOVWF      FSR
0x0184	0x0870      	MOVF       R0, 0
0x0185	0x0080      	MOVWF      INDF
0x0186	0x0AE7      	INCF       _count3, 1
0x0187	0x1903      	BTFSC      STATUS, 2
0x0188	0x0AE8      	INCF       _count3+1, 1
0x0189	0x296A      	GOTO       L_main37
L_main38:
;8x40 PC.c,60 :: 		movee[40] = Character[count2] ;
0x018A	0x0869      	MOVF       _count2, 0
0x018B	0x3E41      	ADDLW      _Character
0x018C	0x00F0      	MOVWF      R0
0x018D	0x3003      	MOVLW      hi_addr(_Character)
0x018E	0x1803      	BTFSC      STATUS, 0
0x018F	0x3E01      	ADDLW      1
0x0190	0x076A      	ADDWF      _count2+1, 0
0x0191	0x00F1      	MOVWF      R0+1
0x0192	0x0870      	MOVF       R0, 0
0x0193	0x00EB      	MOVWF      ___DoICPAddr
0x0194	0x0871      	MOVF       R0+1, 0
0x0195	0x00EC      	MOVWF      ___DoICPAddr+1
0x0196	0x2003      	CALL       _____DoICP
0x0197	0x118A      	BCF        PCLATH, 3
0x0198	0x120A      	BCF        PCLATH, 4
0x0199	0x1683      	BSF        STATUS, 5
0x019A	0x00C8      	MOVWF      _movee+40
;8x40 PC.c,61 :: 		for(i2=0;i2<4;i2++){
0x019B	0x1283      	BCF        STATUS, 5
0x019C	0x01E3      	CLRF       _i2
0x019D	0x01E4      	CLRF       _i2+1
L_main40:
0x019E	0x3000      	MOVLW      0
0x019F	0x0264      	SUBWF      _i2+1, 0
0x01A0	0x1D03      	BTFSS      STATUS, 2
0x01A1	0x29A4      	GOTO       L__main96
0x01A2	0x3004      	MOVLW      4
0x01A3	0x0263      	SUBWF      _i2, 0
L__main96:
0x01A4	0x1803      	BTFSC      STATUS, 0
0x01A5	0x29D2      	GOTO       L_main41
;8x40 PC.c,62 :: 		ds=1;SH_CP=0;SH_CP=1;ST_CP=0;ST_CP=1;
0x01A6	0x1407      	BSF        PORTC, 0
0x01A7	0x1087      	BCF        PORTC, 1
0x01A8	0x1487      	BSF        PORTC, 1
0x01A9	0x1107      	BCF        PORTC, 2
0x01AA	0x1507      	BSF        PORTC, 2
;8x40 PC.c,63 :: 		for(i=0;i<=40;i++){
0x01AB	0x01E1      	CLRF       _i
0x01AC	0x01E2      	CLRF       _i+1
L_main43:
0x01AD	0x0862      	MOVF       _i+1, 0
0x01AE	0x3C00      	SUBLW      0
0x01AF	0x1D03      	BTFSS      STATUS, 2
0x01B0	0x29B3      	GOTO       L__main97
0x01B1	0x0861      	MOVF       _i, 0
0x01B2	0x3C28      	SUBLW      40
L__main97:
0x01B3	0x1C03      	BTFSS      STATUS, 0
0x01B4	0x29CE      	GOTO       L_main44
;8x40 PC.c,64 :: 		PORTB =~ movee[i];
0x01B5	0x0861      	MOVF       _i, 0
0x01B6	0x3EA0      	ADDLW      _movee
0x01B7	0x0084      	MOVWF      FSR
0x01B8	0x0900      	COMF       INDF, 0
0x01B9	0x0086      	MOVWF      PORTB
;8x40 PC.c,65 :: 		delay_us(500);
0x01BA	0x3004      	MOVLW      4
0x01BB	0x00FC      	MOVWF      R12
0x01BC	0x303D      	MOVLW      61
0x01BD	0x00FD      	MOVWF      R13
L_main46:
0x01BE	0x0BFD      	DECFSZ     R13, 1
0x01BF	0x29BE      	GOTO       L_main46
0x01C0	0x0BFC      	DECFSZ     R12, 1
0x01C1	0x29BE      	GOTO       L_main46
0x01C2	0x0000      	NOP
0x01C3	0x0000      	NOP
;8x40 PC.c,66 :: 		ds=0;SH_CP=0;SH_CP=1;ST_CP=0;ST_CP=1;
0x01C4	0x1007      	BCF        PORTC, 0
0x01C5	0x1087      	BCF        PORTC, 1
0x01C6	0x1487      	BSF        PORTC, 1
0x01C7	0x1107      	BCF        PORTC, 2
0x01C8	0x1507      	BSF        PORTC, 2
;8x40 PC.c,67 :: 		check();
0x01C9	0x2016      	CALL       _check
;8x40 PC.c,63 :: 		for(i=0;i<=40;i++){
0x01CA	0x0AE1      	INCF       _i, 1
0x01CB	0x1903      	BTFSC      STATUS, 2
0x01CC	0x0AE2      	INCF       _i+1, 1
;8x40 PC.c,68 :: 		}
0x01CD	0x29AD      	GOTO       L_main43
L_main44:
;8x40 PC.c,61 :: 		for(i2=0;i2<4;i2++){
0x01CE	0x0AE3      	INCF       _i2, 1
0x01CF	0x1903      	BTFSC      STATUS, 2
0x01D0	0x0AE4      	INCF       _i2+1, 1
;8x40 PC.c,69 :: 		}
0x01D1	0x299E      	GOTO       L_main40
L_main41:
;8x40 PC.c,58 :: 		for(count2=adress;count2<adress+8;count2++){
0x01D2	0x0AE9      	INCF       _count2, 1
0x01D3	0x1903      	BTFSC      STATUS, 2
0x01D4	0x0AEA      	INCF       _count2+1, 1
;8x40 PC.c,70 :: 		}
0x01D5	0x2959      	GOTO       L_main34
L_main35:
;8x40 PC.c,55 :: 		for(ll=0;ll<12;ll++){
0x01D6	0x0ADF      	INCF       _ll, 1
0x01D7	0x1903      	BTFSC      STATUS, 2
0x01D8	0x0AE0      	INCF       _ll+1, 1
;8x40 PC.c,71 :: 		}
0x01D9	0x292E      	GOTO       L_main31
L_main32:
;8x40 PC.c,72 :: 		}
0x01DA	0x2B3A      	GOTO       L_main47
L_main30:
;8x40 PC.c,73 :: 		else if(flag3){
0x01DB	0x1C5E      	BTFSS      _flag3, BitPos(_flag3+0)
0x01DC	0x2A8C      	GOTO       L_main48
;8x40 PC.c,74 :: 		for(ll=0;ll<19;ll++){
0x01DD	0x01DF      	CLRF       _ll
0x01DE	0x01E0      	CLRF       _ll+1
L_main49:
0x01DF	0x3000      	MOVLW      0
0x01E0	0x0260      	SUBWF      _ll+1, 0
0x01E1	0x1D03      	BTFSS      STATUS, 2
0x01E2	0x29E5      	GOTO       L__main98
0x01E3	0x3013      	MOVLW      19
0x01E4	0x025F      	SUBWF      _ll, 0
L__main98:
0x01E5	0x1803      	BTFSC      STATUS, 0
0x01E6	0x2A8B      	GOTO       L_main50
;8x40 PC.c,75 :: 		adress = msg3[ll] - 32;
0x01E7	0x085F      	MOVF       _ll, 0
0x01E8	0x3E3A      	ADDLW      _msg3
0x01E9	0x0084      	MOVWF      FSR
0x01EA	0x3020      	MOVLW      32
0x01EB	0x0200      	SUBWF      INDF, 0
0x01EC	0x00F3      	MOVWF      R3
0x01ED	0x01F4      	CLRF       R3+1
0x01EE	0x1C03      	BTFSS      STATUS, 0
0x01EF	0x03F4      	DECF       R3+1, 1
0x01F0	0x0873      	MOVF       R3, 0
0x01F1	0x00E5      	MOVWF      _adress
0x01F2	0x0874      	MOVF       R3+1, 0
0x01F3	0x00E6      	MOVWF      _adress+1
;8x40 PC.c,76 :: 		adress = adress * 8 ;
0x01F4	0x3003      	MOVLW      3
0x01F5	0x00F2      	MOVWF      R2
0x01F6	0x0873      	MOVF       R3, 0
0x01F7	0x00F0      	MOVWF      R0
0x01F8	0x0874      	MOVF       R3+1, 0
0x01F9	0x00F1      	MOVWF      R0+1
0x01FA	0x0872      	MOVF       R2, 0
L__main99:
0x01FB	0x1903      	BTFSC      STATUS, 2
0x01FC	0x2A02      	GOTO       L__main100
0x01FD	0x0DF0      	RLF        R0, 1
0x01FE	0x0DF1      	RLF        R0+1, 1
0x01FF	0x1070      	BCF        R0, 0
0x0200	0x3EFF      	ADDLW      255
0x0201	0x29FB      	GOTO       L__main99
L__main100:
0x0202	0x0870      	MOVF       R0, 0
0x0203	0x00E5      	MOVWF      _adress
0x0204	0x0871      	MOVF       R0+1, 0
0x0205	0x00E6      	MOVWF      _adress+1
;8x40 PC.c,77 :: 		for(count2=adress;count2<adress+8;count2++){
0x0206	0x0870      	MOVF       R0, 0
0x0207	0x00E9      	MOVWF      _count2
0x0208	0x0871      	MOVF       R0+1, 0
0x0209	0x00EA      	MOVWF      _count2+1
L_main52:
0x020A	0x3008      	MOVLW      8
0x020B	0x0765      	ADDWF      _adress, 0
0x020C	0x00F1      	MOVWF      R1
0x020D	0x0866      	MOVF       _adress+1, 0
0x020E	0x1803      	BTFSC      STATUS, 0
0x020F	0x3E01      	ADDLW      1
0x0210	0x00F2      	MOVWF      R1+1
0x0211	0x0872      	MOVF       R1+1, 0
0x0212	0x026A      	SUBWF      _count2+1, 0
0x0213	0x1D03      	BTFSS      STATUS, 2
0x0214	0x2A17      	GOTO       L__main101
0x0215	0x0871      	MOVF       R1, 0
0x0216	0x0269      	SUBWF      _count2, 0
L__main101:
0x0217	0x1803      	BTFSC      STATUS, 0
0x0218	0x2A87      	GOTO       L_main53
;8x40 PC.c,78 :: 		for(count3=0;count3<40;count3++){movee[count3] = movee[count3 + 1];}
0x0219	0x01E7      	CLRF       _count3
0x021A	0x01E8      	CLRF       _count3+1
L_main55:
0x021B	0x3000      	MOVLW      0
0x021C	0x0268      	SUBWF      _count3+1, 0
0x021D	0x1D03      	BTFSS      STATUS, 2
0x021E	0x2A21      	GOTO       L__main102
0x021F	0x3028      	MOVLW      40
0x0220	0x0267      	SUBWF      _count3, 0
L__main102:
0x0221	0x1803      	BTFSC      STATUS, 0
0x0222	0x2A3B      	GOTO       L_main56
0x0223	0x0867      	MOVF       _count3, 0
0x0224	0x3EA0      	ADDLW      _movee
0x0225	0x00F2      	MOVWF      R2
0x0226	0x0867      	MOVF       _count3, 0
0x0227	0x3E01      	ADDLW      1
0x0228	0x00F0      	MOVWF      R0
0x0229	0x3000      	MOVLW      0
0x022A	0x1803      	BTFSC      STATUS, 0
0x022B	0x3E01      	ADDLW      1
0x022C	0x0768      	ADDWF      _count3+1, 0
0x022D	0x00F1      	MOVWF      R0+1
0x022E	0x0870      	MOVF       R0, 0
0x022F	0x3EA0      	ADDLW      _movee
0x0230	0x0084      	MOVWF      FSR
0x0231	0x0800      	MOVF       INDF, 0
0x0232	0x00F0      	MOVWF      R0
0x0233	0x0872      	MOVF       R2, 0
0x0234	0x0084      	MOVWF      FSR
0x0235	0x0870      	MOVF       R0, 0
0x0236	0x0080      	MOVWF      INDF
0x0237	0x0AE7      	INCF       _count3, 1
0x0238	0x1903      	BTFSC      STATUS, 2
0x0239	0x0AE8      	INCF       _count3+1, 1
0x023A	0x2A1B      	GOTO       L_main55
L_main56:
;8x40 PC.c,79 :: 		movee[40] = Character[count2] ;
0x023B	0x0869      	MOVF       _count2, 0
0x023C	0x3E41      	ADDLW      _Character
0x023D	0x00F0      	MOVWF      R0
0x023E	0x3003      	MOVLW      hi_addr(_Character)
0x023F	0x1803      	BTFSC      STATUS, 0
0x0240	0x3E01      	ADDLW      1
0x0241	0x076A      	ADDWF      _count2+1, 0
0x0242	0x00F1      	MOVWF      R0+1
0x0243	0x0870      	MOVF       R0, 0
0x0244	0x00EB      	MOVWF      ___DoICPAddr
0x0245	0x0871      	MOVF       R0+1, 0
0x0246	0x00EC      	MOVWF      ___DoICPAddr+1
0x0247	0x2003      	CALL       _____DoICP
0x0248	0x118A      	BCF        PCLATH, 3
0x0249	0x120A      	BCF        PCLATH, 4
0x024A	0x1683      	BSF        STATUS, 5
0x024B	0x00C8      	MOVWF      _movee+40
;8x40 PC.c,80 :: 		for(i2=0;i2<4;i2++){
0x024C	0x1283      	BCF        STATUS, 5
0x024D	0x01E3      	CLRF       _i2
0x024E	0x01E4      	CLRF       _i2+1
L_main58:
0x024F	0x3000      	MOVLW      0
0x0250	0x0264      	SUBWF      _i2+1, 0
0x0251	0x1D03      	BTFSS      STATUS, 2
0x0252	0x2A55      	GOTO       L__main103
0x0253	0x3004      	MOVLW      4
0x0254	0x0263      	SUBWF      _i2, 0
L__main103:
0x0255	0x1803      	BTFSC      STATUS, 0
0x0256	0x2A83      	GOTO       L_main59
;8x40 PC.c,81 :: 		ds=1;SH_CP=0;SH_CP=1;ST_CP=0;ST_CP=1;
0x0257	0x1407      	BSF        PORTC, 0
0x0258	0x1087      	BCF        PORTC, 1
0x0259	0x1487      	BSF        PORTC, 1
0x025A	0x1107      	BCF        PORTC, 2
0x025B	0x1507      	BSF        PORTC, 2
;8x40 PC.c,82 :: 		for(i=0;i<=40;i++){
0x025C	0x01E1      	CLRF       _i
0x025D	0x01E2      	CLRF       _i+1
L_main61:
0x025E	0x0862      	MOVF       _i+1, 0
0x025F	0x3C00      	SUBLW      0
0x0260	0x1D03      	BTFSS      STATUS, 2
0x0261	0x2A64      	GOTO       L__main104
0x0262	0x0861      	MOVF       _i, 0
0x0263	0x3C28      	SUBLW      40
L__main104:
0x0264	0x1C03      	BTFSS      STATUS, 0
0x0265	0x2A7F      	GOTO       L_main62
;8x40 PC.c,83 :: 		PORTB =~ movee[i];
0x0266	0x0861      	MOVF       _i, 0
0x0267	0x3EA0      	ADDLW      _movee
0x0268	0x0084      	MOVWF      FSR
0x0269	0x0900      	COMF       INDF, 0
0x026A	0x0086      	MOVWF      PORTB
;8x40 PC.c,84 :: 		delay_us(500);
0x026B	0x3004      	MOVLW      4
0x026C	0x00FC      	MOVWF      R12
0x026D	0x303D      	MOVLW      61
0x026E	0x00FD      	MOVWF      R13
L_main64:
0x026F	0x0BFD      	DECFSZ     R13, 1
0x0270	0x2A6F      	GOTO       L_main64
0x0271	0x0BFC      	DECFSZ     R12, 1
0x0272	0x2A6F      	GOTO       L_main64
0x0273	0x0000      	NOP
0x0274	0x0000      	NOP
;8x40 PC.c,85 :: 		ds=0;SH_CP=0;SH_CP=1;ST_CP=0;ST_CP=1;
0x0275	0x1007      	BCF        PORTC, 0
0x0276	0x1087      	BCF        PORTC, 1
0x0277	0x1487      	BSF        PORTC, 1
0x0278	0x1107      	BCF        PORTC, 2
0x0279	0x1507      	BSF        PORTC, 2
;8x40 PC.c,86 :: 		check();
0x027A	0x2016      	CALL       _check
;8x40 PC.c,82 :: 		for(i=0;i<=40;i++){
0x027B	0x0AE1      	INCF       _i, 1
0x027C	0x1903      	BTFSC      STATUS, 2
0x027D	0x0AE2      	INCF       _i+1, 1
;8x40 PC.c,87 :: 		}
0x027E	0x2A5E      	GOTO       L_main61
L_main62:
;8x40 PC.c,80 :: 		for(i2=0;i2<4;i2++){
0x027F	0x0AE3      	INCF       _i2, 1
0x0280	0x1903      	BTFSC      STATUS, 2
0x0281	0x0AE4      	INCF       _i2+1, 1
;8x40 PC.c,88 :: 		}
0x0282	0x2A4F      	GOTO       L_main58
L_main59:
;8x40 PC.c,77 :: 		for(count2=adress;count2<adress+8;count2++){
0x0283	0x0AE9      	INCF       _count2, 1
0x0284	0x1903      	BTFSC      STATUS, 2
0x0285	0x0AEA      	INCF       _count2+1, 1
;8x40 PC.c,89 :: 		}
0x0286	0x2A0A      	GOTO       L_main52
L_main53:
;8x40 PC.c,74 :: 		for(ll=0;ll<19;ll++){
0x0287	0x0ADF      	INCF       _ll, 1
0x0288	0x1903      	BTFSC      STATUS, 2
0x0289	0x0AE0      	INCF       _ll+1, 1
;8x40 PC.c,90 :: 		}
0x028A	0x29DF      	GOTO       L_main49
L_main50:
;8x40 PC.c,91 :: 		}
0x028B	0x2B3A      	GOTO       L_main65
L_main48:
;8x40 PC.c,93 :: 		for(ll=0;ll<12;ll++){
0x028C	0x01DF      	CLRF       _ll
0x028D	0x01E0      	CLRF       _ll+1
L_main66:
0x028E	0x3000      	MOVLW      0
0x028F	0x0260      	SUBWF      _ll+1, 0
0x0290	0x1D03      	BTFSS      STATUS, 2
0x0291	0x2A94      	GOTO       L__main105
0x0292	0x300C      	MOVLW      12
0x0293	0x025F      	SUBWF      _ll, 0
L__main105:
0x0294	0x1803      	BTFSC      STATUS, 0
0x0295	0x2B3A      	GOTO       L_main67
;8x40 PC.c,94 :: 		adress = msg4[ll] - 32;
0x0296	0x085F      	MOVF       _ll, 0
0x0297	0x3E2D      	ADDLW      _msg4
0x0298	0x0084      	MOVWF      FSR
0x0299	0x3020      	MOVLW      32
0x029A	0x0200      	SUBWF      INDF, 0
0x029B	0x00F3      	MOVWF      R3
0x029C	0x01F4      	CLRF       R3+1
0x029D	0x1C03      	BTFSS      STATUS, 0
0x029E	0x03F4      	DECF       R3+1, 1
0x029F	0x0873      	MOVF       R3, 0
0x02A0	0x00E5      	MOVWF      _adress
0x02A1	0x0874      	MOVF       R3+1, 0
0x02A2	0x00E6      	MOVWF      _adress+1
;8x40 PC.c,95 :: 		adress = adress * 8 ;
0x02A3	0x3003      	MOVLW      3
0x02A4	0x00F2      	MOVWF      R2
0x02A5	0x0873      	MOVF       R3, 0
0x02A6	0x00F0      	MOVWF      R0
0x02A7	0x0874      	MOVF       R3+1, 0
0x02A8	0x00F1      	MOVWF      R0+1
0x02A9	0x0872      	MOVF       R2, 0
L__main106:
0x02AA	0x1903      	BTFSC      STATUS, 2
0x02AB	0x2AB1      	GOTO       L__main107
0x02AC	0x0DF0      	RLF        R0, 1
0x02AD	0x0DF1      	RLF        R0+1, 1
0x02AE	0x1070      	BCF        R0, 0
0x02AF	0x3EFF      	ADDLW      255
0x02B0	0x2AAA      	GOTO       L__main106
L__main107:
0x02B1	0x0870      	MOVF       R0, 0
0x02B2	0x00E5      	MOVWF      _adress
0x02B3	0x0871      	MOVF       R0+1, 0
0x02B4	0x00E6      	MOVWF      _adress+1
;8x40 PC.c,96 :: 		for(count2=adress;count2<adress+8;count2++){
0x02B5	0x0870      	MOVF       R0, 0
0x02B6	0x00E9      	MOVWF      _count2
0x02B7	0x0871      	MOVF       R0+1, 0
0x02B8	0x00EA      	MOVWF      _count2+1
L_main69:
0x02B9	0x3008      	MOVLW      8
0x02BA	0x0765      	ADDWF      _adress, 0
0x02BB	0x00F1      	MOVWF      R1
0x02BC	0x0866      	MOVF       _adress+1, 0
0x02BD	0x1803      	BTFSC      STATUS, 0
0x02BE	0x3E01      	ADDLW      1
0x02BF	0x00F2      	MOVWF      R1+1
0x02C0	0x0872      	MOVF       R1+1, 0
0x02C1	0x026A      	SUBWF      _count2+1, 0
0x02C2	0x1D03      	BTFSS      STATUS, 2
0x02C3	0x2AC6      	GOTO       L__main108
0x02C4	0x0871      	MOVF       R1, 0
0x02C5	0x0269      	SUBWF      _count2, 0
L__main108:
0x02C6	0x1803      	BTFSC      STATUS, 0
0x02C7	0x2B36      	GOTO       L_main70
;8x40 PC.c,97 :: 		for(count3=0;count3<40;count3++){movee[count3] = movee[count3 + 1];}
0x02C8	0x01E7      	CLRF       _count3
0x02C9	0x01E8      	CLRF       _count3+1
L_main72:
0x02CA	0x3000      	MOVLW      0
0x02CB	0x0268      	SUBWF      _count3+1, 0
0x02CC	0x1D03      	BTFSS      STATUS, 2
0x02CD	0x2AD0      	GOTO       L__main109
0x02CE	0x3028      	MOVLW      40
0x02CF	0x0267      	SUBWF      _count3, 0
L__main109:
0x02D0	0x1803      	BTFSC      STATUS, 0
0x02D1	0x2AEA      	GOTO       L_main73
0x02D2	0x0867      	MOVF       _count3, 0
0x02D3	0x3EA0      	ADDLW      _movee
0x02D4	0x00F2      	MOVWF      R2
0x02D5	0x0867      	MOVF       _count3, 0
0x02D6	0x3E01      	ADDLW      1
0x02D7	0x00F0      	MOVWF      R0
0x02D8	0x3000      	MOVLW      0
0x02D9	0x1803      	BTFSC      STATUS, 0
0x02DA	0x3E01      	ADDLW      1
0x02DB	0x0768      	ADDWF      _count3+1, 0
0x02DC	0x00F1      	MOVWF      R0+1
0x02DD	0x0870      	MOVF       R0, 0
0x02DE	0x3EA0      	ADDLW      _movee
0x02DF	0x0084      	MOVWF      FSR
0x02E0	0x0800      	MOVF       INDF, 0
0x02E1	0x00F0      	MOVWF      R0
0x02E2	0x0872      	MOVF       R2, 0
0x02E3	0x0084      	MOVWF      FSR
0x02E4	0x0870      	MOVF       R0, 0
0x02E5	0x0080      	MOVWF      INDF
0x02E6	0x0AE7      	INCF       _count3, 1
0x02E7	0x1903      	BTFSC      STATUS, 2
0x02E8	0x0AE8      	INCF       _count3+1, 1
0x02E9	0x2ACA      	GOTO       L_main72
L_main73:
;8x40 PC.c,98 :: 		movee[40] = Character[count2] ;
0x02EA	0x0869      	MOVF       _count2, 0
0x02EB	0x3E41      	ADDLW      _Character
0x02EC	0x00F0      	MOVWF      R0
0x02ED	0x3003      	MOVLW      hi_addr(_Character)
0x02EE	0x1803      	BTFSC      STATUS, 0
0x02EF	0x3E01      	ADDLW      1
0x02F0	0x076A      	ADDWF      _count2+1, 0
0x02F1	0x00F1      	MOVWF      R0+1
0x02F2	0x0870      	MOVF       R0, 0
0x02F3	0x00EB      	MOVWF      ___DoICPAddr
0x02F4	0x0871      	MOVF       R0+1, 0
0x02F5	0x00EC      	MOVWF      ___DoICPAddr+1
0x02F6	0x2003      	CALL       _____DoICP
0x02F7	0x118A      	BCF        PCLATH, 3
0x02F8	0x120A      	BCF        PCLATH, 4
0x02F9	0x1683      	BSF        STATUS, 5
0x02FA	0x00C8      	MOVWF      _movee+40
;8x40 PC.c,99 :: 		for(i2=0;i2<4;i2++){
0x02FB	0x1283      	BCF        STATUS, 5
0x02FC	0x01E3      	CLRF       _i2
0x02FD	0x01E4      	CLRF       _i2+1
L_main75:
0x02FE	0x3000      	MOVLW      0
0x02FF	0x0264      	SUBWF      _i2+1, 0
0x0300	0x1D03      	BTFSS      STATUS, 2
0x0301	0x2B04      	GOTO       L__main110
0x0302	0x3004      	MOVLW      4
0x0303	0x0263      	SUBWF      _i2, 0
L__main110:
0x0304	0x1803      	BTFSC      STATUS, 0
0x0305	0x2B32      	GOTO       L_main76
;8x40 PC.c,100 :: 		ds=1;SH_CP=0;SH_CP=1;ST_CP=0;ST_CP=1;
0x0306	0x1407      	BSF        PORTC, 0
0x0307	0x1087      	BCF        PORTC, 1
0x0308	0x1487      	BSF        PORTC, 1
0x0309	0x1107      	BCF        PORTC, 2
0x030A	0x1507      	BSF        PORTC, 2
;8x40 PC.c,101 :: 		for(i=0;i<=40;i++){
0x030B	0x01E1      	CLRF       _i
0x030C	0x01E2      	CLRF       _i+1
L_main78:
0x030D	0x0862      	MOVF       _i+1, 0
0x030E	0x3C00      	SUBLW      0
0x030F	0x1D03      	BTFSS      STATUS, 2
0x0310	0x2B13      	GOTO       L__main111
0x0311	0x0861      	MOVF       _i, 0
0x0312	0x3C28      	SUBLW      40
L__main111:
0x0313	0x1C03      	BTFSS      STATUS, 0
0x0314	0x2B2E      	GOTO       L_main79
;8x40 PC.c,102 :: 		PORTB =~ movee[i];
0x0315	0x0861      	MOVF       _i, 0
0x0316	0x3EA0      	ADDLW      _movee
0x0317	0x0084      	MOVWF      FSR
0x0318	0x0900      	COMF       INDF, 0
0x0319	0x0086      	MOVWF      PORTB
;8x40 PC.c,103 :: 		delay_us(500);
0x031A	0x3004      	MOVLW      4
0x031B	0x00FC      	MOVWF      R12
0x031C	0x303D      	MOVLW      61
0x031D	0x00FD      	MOVWF      R13
L_main81:
0x031E	0x0BFD      	DECFSZ     R13, 1
0x031F	0x2B1E      	GOTO       L_main81
0x0320	0x0BFC      	DECFSZ     R12, 1
0x0321	0x2B1E      	GOTO       L_main81
0x0322	0x0000      	NOP
0x0323	0x0000      	NOP
;8x40 PC.c,104 :: 		ds=0;SH_CP=0;SH_CP=1;ST_CP=0;ST_CP=1;
0x0324	0x1007      	BCF        PORTC, 0
0x0325	0x1087      	BCF        PORTC, 1
0x0326	0x1487      	BSF        PORTC, 1
0x0327	0x1107      	BCF        PORTC, 2
0x0328	0x1507      	BSF        PORTC, 2
;8x40 PC.c,105 :: 		check();
0x0329	0x2016      	CALL       _check
;8x40 PC.c,101 :: 		for(i=0;i<=40;i++){
0x032A	0x0AE1      	INCF       _i, 1
0x032B	0x1903      	BTFSC      STATUS, 2
0x032C	0x0AE2      	INCF       _i+1, 1
;8x40 PC.c,106 :: 		}
0x032D	0x2B0D      	GOTO       L_main78
L_main79:
;8x40 PC.c,99 :: 		for(i2=0;i2<4;i2++){
0x032E	0x0AE3      	INCF       _i2, 1
0x032F	0x1903      	BTFSC      STATUS, 2
0x0330	0x0AE4      	INCF       _i2+1, 1
;8x40 PC.c,107 :: 		}
0x0331	0x2AFE      	GOTO       L_main75
L_main76:
;8x40 PC.c,96 :: 		for(count2=adress;count2<adress+8;count2++){
0x0332	0x0AE9      	INCF       _count2, 1
0x0333	0x1903      	BTFSC      STATUS, 2
0x0334	0x0AEA      	INCF       _count2+1, 1
;8x40 PC.c,108 :: 		}
0x0335	0x2AB9      	GOTO       L_main69
L_main70:
;8x40 PC.c,93 :: 		for(ll=0;ll<12;ll++){
0x0336	0x0ADF      	INCF       _ll, 1
0x0337	0x1903      	BTFSC      STATUS, 2
0x0338	0x0AE0      	INCF       _ll+1, 1
;8x40 PC.c,109 :: 		}
0x0339	0x2A8E      	GOTO       L_main66
L_main67:
;8x40 PC.c,110 :: 		}
L_main65:
L_main47:
L_main29:
;8x40 PC.c,111 :: 		}
0x033A	0x2879      	GOTO       L_main10
;8x40 PC.c,112 :: 		}
L_end_main:
0x033B	0x2B3B      	GOTO       $+0
; end of _main
0x0656	0x3020      	MOVLW      32
0x0657	0x0084      	MOVWF      FSR
0x0658	0x303D      	MOVLW      61
0x0659	0x1283      	BCF        STATUS, 5
0x065A	0x1303      	BCF        STATUS, 6
0x065B	0x00F0      	MOVWF      R0
0x065C	0x3019      	MOVLW      25
0x065D	0x00EB      	MOVWF      ___DoICPAddr
0x065E	0x3006      	MOVLW      6
0x065F	0x00EC      	MOVWF      108
0x0660	0x200A      	CALL       10
0x0661	0x0008      	RETURN
;8x40 PC.c,6 :: _Character
0x0341	0x3400 ;_Character+0
0x0342	0x3400 ;_Character+1
0x0343	0x3400 ;_Character+2
0x0344	0x3400 ;_Character+3
0x0345	0x3400 ;_Character+4
0x0346	0x3400 ;_Character+5
0x0347	0x3400 ;_Character+6
0x0348	0x3400 ;_Character+7
0x0349	0x3400 ;_Character+8
0x034A	0x3406 ;_Character+9
0x034B	0x345F ;_Character+10
0x034C	0x345F ;_Character+11
0x034D	0x3406 ;_Character+12
0x034E	0x3400 ;_Character+13
0x034F	0x3400 ;_Character+14
0x0350	0x3400 ;_Character+15
0x0351	0x3400 ;_Character+16
0x0352	0x3407 ;_Character+17
0x0353	0x3407 ;_Character+18
0x0354	0x3400 ;_Character+19
0x0355	0x3407 ;_Character+20
0x0356	0x3407 ;_Character+21
0x0357	0x3400 ;_Character+22
0x0358	0x3400 ;_Character+23
0x0359	0x3414 ;_Character+24
0x035A	0x347F ;_Character+25
0x035B	0x347F ;_Character+26
0x035C	0x3414 ;_Character+27
0x035D	0x347F ;_Character+28
0x035E	0x347F ;_Character+29
0x035F	0x3414 ;_Character+30
0x0360	0x3400 ;_Character+31
0x0361	0x3424 ;_Character+32
0x0362	0x342E ;_Character+33
0x0363	0x346B ;_Character+34
0x0364	0x346B ;_Character+35
0x0365	0x343A ;_Character+36
0x0366	0x3412 ;_Character+37
0x0367	0x3400 ;_Character+38
0x0368	0x3400 ;_Character+39
0x0369	0x3446 ;_Character+40
0x036A	0x3466 ;_Character+41
0x036B	0x3430 ;_Character+42
0x036C	0x3418 ;_Character+43
0x036D	0x340C ;_Character+44
0x036E	0x3466 ;_Character+45
0x036F	0x3462 ;_Character+46
0x0370	0x3400 ;_Character+47
0x0371	0x3430 ;_Character+48
0x0372	0x347A ;_Character+49
0x0373	0x344F ;_Character+50
0x0374	0x345D ;_Character+51
0x0375	0x3437 ;_Character+52
0x0376	0x347A ;_Character+53
0x0377	0x3448 ;_Character+54
0x0378	0x3400 ;_Character+55
0x0379	0x3404 ;_Character+56
0x037A	0x3407 ;_Character+57
0x037B	0x3403 ;_Character+58
0x037C	0x3400 ;_Character+59
0x037D	0x3400 ;_Character+60
0x037E	0x3400 ;_Character+61
0x037F	0x3400 ;_Character+62
0x0380	0x3400 ;_Character+63
0x0381	0x3400 ;_Character+64
0x0382	0x341C ;_Character+65
0x0383	0x343E ;_Character+66
0x0384	0x3463 ;_Character+67
0x0385	0x3441 ;_Character+68
0x0386	0x3400 ;_Character+69
0x0387	0x3400 ;_Character+70
0x0388	0x3400 ;_Character+71
0x0389	0x3400 ;_Character+72
0x038A	0x3441 ;_Character+73
0x038B	0x3463 ;_Character+74
0x038C	0x343E ;_Character+75
0x038D	0x341C ;_Character+76
0x038E	0x3400 ;_Character+77
0x038F	0x3400 ;_Character+78
0x0390	0x3400 ;_Character+79
0x0391	0x3408 ;_Character+80
0x0392	0x342A ;_Character+81
0x0393	0x343E ;_Character+82
0x0394	0x341C ;_Character+83
0x0395	0x341C ;_Character+84
0x0396	0x343E ;_Character+85
0x0397	0x342A ;_Character+86
0x0398	0x3408 ;_Character+87
0x0399	0x3408 ;_Character+88
0x039A	0x3408 ;_Character+89
0x039B	0x343E ;_Character+90
0x039C	0x343E ;_Character+91
0x039D	0x3408 ;_Character+92
0x039E	0x3408 ;_Character+93
0x039F	0x3400 ;_Character+94
0x03A0	0x3400 ;_Character+95
0x03A1	0x3400 ;_Character+96
0x03A2	0x3480 ;_Character+97
0x03A3	0x34E0 ;_Character+98
0x03A4	0x3460 ;_Character+99
0x03A5	0x3400 ;_Character+100
0x03A6	0x3400 ;_Character+101
0x03A7	0x3400 ;_Character+102
0x03A8	0x3400 ;_Character+103
0x03A9	0x3408 ;_Character+104
0x03AA	0x3408 ;_Character+105
0x03AB	0x3408 ;_Character+106
0x03AC	0x3408 ;_Character+107
0x03AD	0x3408 ;_Character+108
0x03AE	0x3408 ;_Character+109
0x03AF	0x3400 ;_Character+110
0x03B0	0x3400 ;_Character+111
0x03B1	0x3400 ;_Character+112
0x03B2	0x3400 ;_Character+113
0x03B3	0x3460 ;_Character+114
0x03B4	0x3460 ;_Character+115
0x03B5	0x3400 ;_Character+116
0x03B6	0x3400 ;_Character+117
0x03B7	0x3400 ;_Character+118
0x03B8	0x3400 ;_Character+119
0x03B9	0x3460 ;_Character+120
0x03BA	0x3430 ;_Character+121
0x03BB	0x3418 ;_Character+122
0x03BC	0x340C ;_Character+123
0x03BD	0x3406 ;_Character+124
0x03BE	0x3403 ;_Character+125
0x03BF	0x3401 ;_Character+126
0x03C0	0x3400 ;_Character+127
0x03C1	0x343E ;_Character+128
0x03C2	0x347F ;_Character+129
0x03C3	0x3471 ;_Character+130
0x03C4	0x3459 ;_Character+131
0x03C5	0x344D ;_Character+132
0x03C6	0x347F ;_Character+133
0x03C7	0x343E ;_Character+134
0x03C8	0x3400 ;_Character+135
0x03C9	0x3440 ;_Character+136
0x03CA	0x3442 ;_Character+137
0x03CB	0x347F ;_Character+138
0x03CC	0x347F ;_Character+139
0x03CD	0x3440 ;_Character+140
0x03CE	0x3440 ;_Character+141
0x03CF	0x3400 ;_Character+142
0x03D0	0x3400 ;_Character+143
0x03D1	0x3462 ;_Character+144
0x03D2	0x3473 ;_Character+145
0x03D3	0x3459 ;_Character+146
0x03D4	0x3449 ;_Character+147
0x03D5	0x346F ;_Character+148
0x03D6	0x3466 ;_Character+149
0x03D7	0x3400 ;_Character+150
0x03D8	0x3400 ;_Character+151
0x03D9	0x3422 ;_Character+152
0x03DA	0x3463 ;_Character+153
0x03DB	0x3449 ;_Character+154
0x03DC	0x3449 ;_Character+155
0x03DD	0x347F ;_Character+156
0x03DE	0x3436 ;_Character+157
0x03DF	0x3400 ;_Character+158
0x03E0	0x3400 ;_Character+159
0x03E1	0x3418 ;_Character+160
0x03E2	0x341C ;_Character+161
0x03E3	0x3416 ;_Character+162
0x03E4	0x3453 ;_Character+163
0x03E5	0x347F ;_Character+164
0x03E6	0x347F ;_Character+165
0x03E7	0x3450 ;_Character+166
0x03E8	0x3400 ;_Character+167
0x03E9	0x3427 ;_Character+168
0x03EA	0x3467 ;_Character+169
0x03EB	0x3445 ;_Character+170
0x03EC	0x3445 ;_Character+171
0x03ED	0x347D ;_Character+172
0x03EE	0x3439 ;_Character+173
0x03EF	0x3400 ;_Character+174
0x03F0	0x3400 ;_Character+175
0x03F1	0x343C ;_Character+176
0x03F2	0x347E ;_Character+177
0x03F3	0x344B ;_Character+178
0x03F4	0x3449 ;_Character+179
0x03F5	0x3479 ;_Character+180
0x03F6	0x3430 ;_Character+181
0x03F7	0x3400 ;_Character+182
0x03F8	0x3400 ;_Character+183
0x03F9	0x3403 ;_Character+184
0x03FA	0x3403 ;_Character+185
0x03FB	0x3471 ;_Character+186
0x03FC	0x3479 ;_Character+187
0x03FD	0x340F ;_Character+188
0x03FE	0x3407 ;_Character+189
0x03FF	0x3400 ;_Character+190
0x0400	0x3400 ;_Character+191
0x0401	0x3436 ;_Character+192
0x0402	0x347F ;_Character+193
0x0403	0x3449 ;_Character+194
0x0404	0x3449 ;_Character+195
0x0405	0x347F ;_Character+196
0x0406	0x3436 ;_Character+197
0x0407	0x3400 ;_Character+198
0x0408	0x3400 ;_Character+199
0x0409	0x3406 ;_Character+200
0x040A	0x344F ;_Character+201
0x040B	0x3449 ;_Character+202
0x040C	0x3469 ;_Character+203
0x040D	0x343F ;_Character+204
0x040E	0x341E ;_Character+205
0x040F	0x3400 ;_Character+206
0x0410	0x3400 ;_Character+207
0x0411	0x3400 ;_Character+208
0x0412	0x3400 ;_Character+209
0x0413	0x3466 ;_Character+210
0x0414	0x3466 ;_Character+211
0x0415	0x3400 ;_Character+212
0x0416	0x3400 ;_Character+213
0x0417	0x3400 ;_Character+214
0x0418	0x3400 ;_Character+215
0x0419	0x3400 ;_Character+216
0x041A	0x3480 ;_Character+217
0x041B	0x34E6 ;_Character+218
0x041C	0x3466 ;_Character+219
0x041D	0x3400 ;_Character+220
0x041E	0x3400 ;_Character+221
0x041F	0x3400 ;_Character+222
0x0420	0x3400 ;_Character+223
0x0421	0x3408 ;_Character+224
0x0422	0x341C ;_Character+225
0x0423	0x3436 ;_Character+226
0x0424	0x3463 ;_Character+227
0x0425	0x3441 ;_Character+228
0x0426	0x3400 ;_Character+229
0x0427	0x3400 ;_Character+230
0x0428	0x3400 ;_Character+231
0x0429	0x3424 ;_Character+232
0x042A	0x3424 ;_Character+233
0x042B	0x3424 ;_Character+234
0x042C	0x3424 ;_Character+235
0x042D	0x3424 ;_Character+236
0x042E	0x3424 ;_Character+237
0x042F	0x3400 ;_Character+238
0x0430	0x3400 ;_Character+239
0x0431	0x3400 ;_Character+240
0x0432	0x3441 ;_Character+241
0x0433	0x3463 ;_Character+242
0x0434	0x3436 ;_Character+243
0x0435	0x341C ;_Character+244
0x0436	0x3408 ;_Character+245
0x0437	0x3400 ;_Character+246
0x0438	0x3400 ;_Character+247
0x0439	0x3402 ;_Character+248
0x043A	0x3403 ;_Character+249
0x043B	0x3451 ;_Character+250
0x043C	0x3459 ;_Character+251
0x043D	0x340F ;_Character+252
0x043E	0x3406 ;_Character+253
0x043F	0x3400 ;_Character+254
0x0440	0x3400 ;_Character+255
0x0441	0x343E ;_Character+256
0x0442	0x347F ;_Character+257
0x0443	0x3441 ;_Character+258
0x0444	0x345D ;_Character+259
0x0445	0x345D ;_Character+260
0x0446	0x341F ;_Character+261
0x0447	0x341E ;_Character+262
0x0448	0x3400 ;_Character+263
0x0449	0x347C ;_Character+264
0x044A	0x347E ;_Character+265
0x044B	0x3413 ;_Character+266
0x044C	0x3413 ;_Character+267
0x044D	0x347E ;_Character+268
0x044E	0x347C ;_Character+269
0x044F	0x3400 ;_Character+270
0x0450	0x3400 ;_Character+271
0x0451	0x3441 ;_Character+272
0x0452	0x347F ;_Character+273
0x0453	0x347F ;_Character+274
0x0454	0x3449 ;_Character+275
0x0455	0x3449 ;_Character+276
0x0456	0x347F ;_Character+277
0x0457	0x3436 ;_Character+278
0x0458	0x3400 ;_Character+279
0x0459	0x341C ;_Character+280
0x045A	0x343E ;_Character+281
0x045B	0x3463 ;_Character+282
0x045C	0x3441 ;_Character+283
0x045D	0x3441 ;_Character+284
0x045E	0x3463 ;_Character+285
0x045F	0x3422 ;_Character+286
0x0460	0x3400 ;_Character+287
0x0461	0x3441 ;_Character+288
0x0462	0x347F ;_Character+289
0x0463	0x347F ;_Character+290
0x0464	0x3441 ;_Character+291
0x0465	0x3463 ;_Character+292
0x0466	0x343E ;_Character+293
0x0467	0x341C ;_Character+294
0x0468	0x3400 ;_Character+295
0x0469	0x3441 ;_Character+296
0x046A	0x347F ;_Character+297
0x046B	0x347F ;_Character+298
0x046C	0x3449 ;_Character+299
0x046D	0x345D ;_Character+300
0x046E	0x3441 ;_Character+301
0x046F	0x3463 ;_Character+302
0x0470	0x3400 ;_Character+303
0x0471	0x3441 ;_Character+304
0x0472	0x347F ;_Character+305
0x0473	0x347F ;_Character+306
0x0474	0x3449 ;_Character+307
0x0475	0x341D ;_Character+308
0x0476	0x3401 ;_Character+309
0x0477	0x3403 ;_Character+310
0x0478	0x3400 ;_Character+311
0x0479	0x341C ;_Character+312
0x047A	0x343E ;_Character+313
0x047B	0x3463 ;_Character+314
0x047C	0x3441 ;_Character+315
0x047D	0x3451 ;_Character+316
0x047E	0x3473 ;_Character+317
0x047F	0x3472 ;_Character+318
0x0480	0x3400 ;_Character+319
0x0481	0x347F ;_Character+320
0x0482	0x347F ;_Character+321
0x0483	0x3408 ;_Character+322
0x0484	0x3408 ;_Character+323
0x0485	0x347F ;_Character+324
0x0486	0x347F ;_Character+325
0x0487	0x3400 ;_Character+326
0x0488	0x3400 ;_Character+327
0x0489	0x3400 ;_Character+328
0x048A	0x3441 ;_Character+329
0x048B	0x347F ;_Character+330
0x048C	0x347F ;_Character+331
0x048D	0x3441 ;_Character+332
0x048E	0x3400 ;_Character+333
0x048F	0x3400 ;_Character+334
0x0490	0x3400 ;_Character+335
0x0491	0x3430 ;_Character+336
0x0492	0x3470 ;_Character+337
0x0493	0x3440 ;_Character+338
0x0494	0x3441 ;_Character+339
0x0495	0x347F ;_Character+340
0x0496	0x343F ;_Character+341
0x0497	0x3401 ;_Character+342
0x0498	0x3400 ;_Character+343
0x0499	0x3441 ;_Character+344
0x049A	0x347F ;_Character+345
0x049B	0x347F ;_Character+346
0x049C	0x3408 ;_Character+347
0x049D	0x341C ;_Character+348
0x049E	0x3477 ;_Character+349
0x049F	0x3463 ;_Character+350
0x04A0	0x3400 ;_Character+351
0x04A1	0x3441 ;_Character+352
0x04A2	0x347F ;_Character+353
0x04A3	0x347F ;_Character+354
0x04A4	0x3441 ;_Character+355
0x04A5	0x3440 ;_Character+356
0x04A6	0x3460 ;_Character+357
0x04A7	0x3470 ;_Character+358
0x04A8	0x3400 ;_Character+359
0x04A9	0x347F ;_Character+360
0x04AA	0x347F ;_Character+361
0x04AB	0x340E ;_Character+362
0x04AC	0x341C ;_Character+363
0x04AD	0x340E ;_Character+364
0x04AE	0x347F ;_Character+365
0x04AF	0x347F ;_Character+366
0x04B0	0x3400 ;_Character+367
0x04B1	0x347F ;_Character+368
0x04B2	0x347F ;_Character+369
0x04B3	0x3406 ;_Character+370
0x04B4	0x340C ;_Character+371
0x04B5	0x3418 ;_Character+372
0x04B6	0x347F ;_Character+373
0x04B7	0x347F ;_Character+374
0x04B8	0x3400 ;_Character+375
0x04B9	0x341C ;_Character+376
0x04BA	0x343E ;_Character+377
0x04BB	0x3463 ;_Character+378
0x04BC	0x3441 ;_Character+379
0x04BD	0x3463 ;_Character+380
0x04BE	0x343E ;_Character+381
0x04BF	0x341C ;_Character+382
0x04C0	0x3400 ;_Character+383
0x04C1	0x3441 ;_Character+384
0x04C2	0x347F ;_Character+385
0x04C3	0x347F ;_Character+386
0x04C4	0x3449 ;_Character+387
0x04C5	0x3409 ;_Character+388
0x04C6	0x340F ;_Character+389
0x04C7	0x3406 ;_Character+390
0x04C8	0x3400 ;_Character+391
0x04C9	0x341E ;_Character+392
0x04CA	0x343F ;_Character+393
0x04CB	0x3421 ;_Character+394
0x04CC	0x3471 ;_Character+395
0x04CD	0x347F ;_Character+396
0x04CE	0x345E ;_Character+397
0x04CF	0x3400 ;_Character+398
0x04D0	0x3400 ;_Character+399
0x04D1	0x3441 ;_Character+400
0x04D2	0x347F ;_Character+401
0x04D3	0x347F ;_Character+402
0x04D4	0x3409 ;_Character+403
0x04D5	0x3419 ;_Character+404
0x04D6	0x347F ;_Character+405
0x04D7	0x3466 ;_Character+406
0x04D8	0x3400 ;_Character+407
0x04D9	0x3426 ;_Character+408
0x04DA	0x346F ;_Character+409
0x04DB	0x344D ;_Character+410
0x04DC	0x3459 ;_Character+411
0x04DD	0x3473 ;_Character+412
0x04DE	0x3432 ;_Character+413
0x04DF	0x3400 ;_Character+414
0x04E0	0x3400 ;_Character+415
0x04E1	0x3403 ;_Character+416
0x04E2	0x3441 ;_Character+417
0x04E3	0x347F ;_Character+418
0x04E4	0x347F ;_Character+419
0x04E5	0x3441 ;_Character+420
0x04E6	0x3403 ;_Character+421
0x04E7	0x3400 ;_Character+422
0x04E8	0x3400 ;_Character+423
0x04E9	0x347F ;_Character+424
0x04EA	0x347F ;_Character+425
0x04EB	0x3440 ;_Character+426
0x04EC	0x3440 ;_Character+427
0x04ED	0x347F ;_Character+428
0x04EE	0x347F ;_Character+429
0x04EF	0x3400 ;_Character+430
0x04F0	0x3400 ;_Character+431
0x04F1	0x341F ;_Character+432
0x04F2	0x343F ;_Character+433
0x04F3	0x3460 ;_Character+434
0x04F4	0x3460 ;_Character+435
0x04F5	0x343F ;_Character+436
0x04F6	0x341F ;_Character+437
0x04F7	0x3400 ;_Character+438
0x04F8	0x3400 ;_Character+439
0x04F9	0x347F ;_Character+440
0x04FA	0x347F ;_Character+441
0x04FB	0x3430 ;_Character+442
0x04FC	0x3418 ;_Character+443
0x04FD	0x3430 ;_Character+444
0x04FE	0x347F ;_Character+445
0x04FF	0x347F ;_Character+446
0x0500	0x3400 ;_Character+447
0x0501	0x3443 ;_Character+448
0x0502	0x3467 ;_Character+449
0x0503	0x343C ;_Character+450
0x0504	0x3418 ;_Character+451
0x0505	0x343C ;_Character+452
0x0506	0x3467 ;_Character+453
0x0507	0x3443 ;_Character+454
0x0508	0x3400 ;_Character+455
0x0509	0x3407 ;_Character+456
0x050A	0x344F ;_Character+457
0x050B	0x3478 ;_Character+458
0x050C	0x3478 ;_Character+459
0x050D	0x344F ;_Character+460
0x050E	0x3407 ;_Character+461
0x050F	0x3400 ;_Character+462
0x0510	0x3400 ;_Character+463
0x0511	0x3447 ;_Character+464
0x0512	0x3463 ;_Character+465
0x0513	0x3471 ;_Character+466
0x0514	0x3459 ;_Character+467
0x0515	0x344D ;_Character+468
0x0516	0x3467 ;_Character+469
0x0517	0x3473 ;_Character+470
0x0518	0x3400 ;_Character+471
0x0519	0x3400 ;_Character+472
0x051A	0x347F ;_Character+473
0x051B	0x347F ;_Character+474
0x051C	0x3441 ;_Character+475
0x051D	0x3441 ;_Character+476
0x051E	0x3400 ;_Character+477
0x051F	0x3400 ;_Character+478
0x0520	0x3400 ;_Character+479
0x0521	0x3401 ;_Character+480
0x0522	0x3403 ;_Character+481
0x0523	0x3406 ;_Character+482
0x0524	0x340C ;_Character+483
0x0525	0x3418 ;_Character+484
0x0526	0x3430 ;_Character+485
0x0527	0x3460 ;_Character+486
0x0528	0x3400 ;_Character+487
0x0529	0x3400 ;_Character+488
0x052A	0x3441 ;_Character+489
0x052B	0x3441 ;_Character+490
0x052C	0x347F ;_Character+491
0x052D	0x347F ;_Character+492
0x052E	0x3400 ;_Character+493
0x052F	0x3400 ;_Character+494
0x0530	0x3400 ;_Character+495
0x0531	0x3408 ;_Character+496
0x0532	0x340C ;_Character+497
0x0533	0x3406 ;_Character+498
0x0534	0x3403 ;_Character+499
0x0535	0x3406 ;_Character+500
0x0536	0x340C ;_Character+501
0x0537	0x3408 ;_Character+502
0x0538	0x3400 ;_Character+503
0x0539	0x3480 ;_Character+504
0x053A	0x3480 ;_Character+505
0x053B	0x3480 ;_Character+506
0x053C	0x3480 ;_Character+507
0x053D	0x3480 ;_Character+508
0x053E	0x3480 ;_Character+509
0x053F	0x3480 ;_Character+510
0x0540	0x3480 ;_Character+511
0x0541	0x3400 ;_Character+512
0x0542	0x3400 ;_Character+513
0x0543	0x3403 ;_Character+514
0x0544	0x3407 ;_Character+515
0x0545	0x3404 ;_Character+516
0x0546	0x3400 ;_Character+517
0x0547	0x3400 ;_Character+518
0x0548	0x3400 ;_Character+519
0x0549	0x3420 ;_Character+520
0x054A	0x3474 ;_Character+521
0x054B	0x3454 ;_Character+522
0x054C	0x3454 ;_Character+523
0x054D	0x343C ;_Character+524
0x054E	0x3478 ;_Character+525
0x054F	0x3440 ;_Character+526
0x0550	0x3400 ;_Character+527
0x0551	0x3441 ;_Character+528
0x0552	0x347F ;_Character+529
0x0553	0x343F ;_Character+530
0x0554	0x3448 ;_Character+531
0x0555	0x3448 ;_Character+532
0x0556	0x3478 ;_Character+533
0x0557	0x3430 ;_Character+534
0x0558	0x3400 ;_Character+535
0x0559	0x3438 ;_Character+536
0x055A	0x347C ;_Character+537
0x055B	0x3444 ;_Character+538
0x055C	0x3444 ;_Character+539
0x055D	0x346C ;_Character+540
0x055E	0x3428 ;_Character+541
0x055F	0x3400 ;_Character+542
0x0560	0x3400 ;_Character+543
0x0561	0x3430 ;_Character+544
0x0562	0x3478 ;_Character+545
0x0563	0x3448 ;_Character+546
0x0564	0x3449 ;_Character+547
0x0565	0x343F ;_Character+548
0x0566	0x347F ;_Character+549
0x0567	0x3440 ;_Character+550
0x0568	0x3400 ;_Character+551
0x0569	0x3438 ;_Character+552
0x056A	0x347C ;_Character+553
0x056B	0x3454 ;_Character+554
0x056C	0x3454 ;_Character+555
0x056D	0x345C ;_Character+556
0x056E	0x3418 ;_Character+557
0x056F	0x3400 ;_Character+558
0x0570	0x3400 ;_Character+559
0x0571	0x3448 ;_Character+560
0x0572	0x347E ;_Character+561
0x0573	0x347F ;_Character+562
0x0574	0x3449 ;_Character+563
0x0575	0x3403 ;_Character+564
0x0576	0x3402 ;_Character+565
0x0577	0x3400 ;_Character+566
0x0578	0x3400 ;_Character+567
0x0579	0x3498 ;_Character+568
0x057A	0x34BC ;_Character+569
0x057B	0x34A4 ;_Character+570
0x057C	0x34A4 ;_Character+571
0x057D	0x34F8 ;_Character+572
0x057E	0x347C ;_Character+573
0x057F	0x3404 ;_Character+574
0x0580	0x3400 ;_Character+575
0x0581	0x3441 ;_Character+576
0x0582	0x347F ;_Character+577
0x0583	0x347F ;_Character+578
0x0584	0x3408 ;_Character+579
0x0585	0x3404 ;_Character+580
0x0586	0x347C ;_Character+581
0x0587	0x3478 ;_Character+582
0x0588	0x3400 ;_Character+583
0x0589	0x3400 ;_Character+584
0x058A	0x3444 ;_Character+585
0x058B	0x347D ;_Character+586
0x058C	0x347D ;_Character+587
0x058D	0x3440 ;_Character+588
0x058E	0x3400 ;_Character+589
0x058F	0x3400 ;_Character+590
0x0590	0x3400 ;_Character+591
0x0591	0x3460 ;_Character+592
0x0592	0x34E0 ;_Character+593
0x0593	0x3480 ;_Character+594
0x0594	0x3480 ;_Character+595
0x0595	0x34FD ;_Character+596
0x0596	0x347D ;_Character+597
0x0597	0x3400 ;_Character+598
0x0598	0x3400 ;_Character+599
0x0599	0x3441 ;_Character+600
0x059A	0x347F ;_Character+601
0x059B	0x347F ;_Character+602
0x059C	0x3410 ;_Character+603
0x059D	0x3438 ;_Character+604
0x059E	0x346C ;_Character+605
0x059F	0x3444 ;_Character+606
0x05A0	0x3400 ;_Character+607
0x05A1	0x3400 ;_Character+608
0x05A2	0x3441 ;_Character+609
0x05A3	0x347F ;_Character+610
0x05A4	0x347F ;_Character+611
0x05A5	0x3440 ;_Character+612
0x05A6	0x3400 ;_Character+613
0x05A7	0x3400 ;_Character+614
0x05A8	0x3400 ;_Character+615
0x05A9	0x347C ;_Character+616
0x05AA	0x347C ;_Character+617
0x05AB	0x3418 ;_Character+618
0x05AC	0x3438 ;_Character+619
0x05AD	0x341C ;_Character+620
0x05AE	0x347C ;_Character+621
0x05AF	0x3478 ;_Character+622
0x05B0	0x3400 ;_Character+623
0x05B1	0x347C ;_Character+624
0x05B2	0x347C ;_Character+625
0x05B3	0x3404 ;_Character+626
0x05B4	0x3404 ;_Character+627
0x05B5	0x347C ;_Character+628
0x05B6	0x3478 ;_Character+629
0x05B7	0x3400 ;_Character+630
0x05B8	0x3400 ;_Character+631
0x05B9	0x3438 ;_Character+632
0x05BA	0x347C ;_Character+633
0x05BB	0x3444 ;_Character+634
0x05BC	0x3444 ;_Character+635
0x05BD	0x347C ;_Character+636
0x05BE	0x3438 ;_Character+637
0x05BF	0x3400 ;_Character+638
0x05C0	0x3400 ;_Character+639
0x05C1	0x3484 ;_Character+640
0x05C2	0x34FC ;_Character+641
0x05C3	0x34F8 ;_Character+642
0x05C4	0x34A4 ;_Character+643
0x05C5	0x3424 ;_Character+644
0x05C6	0x343C ;_Character+645
0x05C7	0x3418 ;_Character+646
0x05C8	0x3400 ;_Character+647
0x05C9	0x3418 ;_Character+648
0x05CA	0x343C ;_Character+649
0x05CB	0x3424 ;_Character+650
0x05CC	0x34A4 ;_Character+651
0x05CD	0x34F8 ;_Character+652
0x05CE	0x34FC ;_Character+653
0x05CF	0x3484 ;_Character+654
0x05D0	0x3400 ;_Character+655
0x05D1	0x3444 ;_Character+656
0x05D2	0x347C ;_Character+657
0x05D3	0x3478 ;_Character+658
0x05D4	0x344C ;_Character+659
0x05D5	0x3404 ;_Character+660
0x05D6	0x341C ;_Character+661
0x05D7	0x3418 ;_Character+662
0x05D8	0x3400 ;_Character+663
0x05D9	0x3448 ;_Character+664
0x05DA	0x345C ;_Character+665
0x05DB	0x3454 ;_Character+666
0x05DC	0x3454 ;_Character+667
0x05DD	0x3474 ;_Character+668
0x05DE	0x3424 ;_Character+669
0x05DF	0x3400 ;_Character+670
0x05E0	0x3400 ;_Character+671
0x05E1	0x3400 ;_Character+672
0x05E2	0x3404 ;_Character+673
0x05E3	0x343E ;_Character+674
0x05E4	0x347F ;_Character+675
0x05E5	0x3444 ;_Character+676
0x05E6	0x3424 ;_Character+677
0x05E7	0x3400 ;_Character+678
0x05E8	0x3400 ;_Character+679
0x05E9	0x343C ;_Character+680
0x05EA	0x347C ;_Character+681
0x05EB	0x3440 ;_Character+682
0x05EC	0x3440 ;_Character+683
0x05ED	0x343C ;_Character+684
0x05EE	0x347C ;_Character+685
0x05EF	0x3440 ;_Character+686
0x05F0	0x3400 ;_Character+687
0x05F1	0x341C ;_Character+688
0x05F2	0x343C ;_Character+689
0x05F3	0x3460 ;_Character+690
0x05F4	0x3460 ;_Character+691
0x05F5	0x343C ;_Character+692
0x05F6	0x341C ;_Character+693
0x05F7	0x3400 ;_Character+694
0x05F8	0x3400 ;_Character+695
0x05F9	0x343C ;_Character+696
0x05FA	0x347C ;_Character+697
0x05FB	0x3470 ;_Character+698
0x05FC	0x3438 ;_Character+699
0x05FD	0x3470 ;_Character+700
0x05FE	0x347C ;_Character+701
0x05FF	0x343C ;_Character+702
0x0600	0x3400 ;_Character+703
0x0601	0x3444 ;_Character+704
0x0602	0x346C ;_Character+705
0x0603	0x3438 ;_Character+706
0x0604	0x3410 ;_Character+707
0x0605	0x3438 ;_Character+708
0x0606	0x346C ;_Character+709
0x0607	0x3444 ;_Character+710
0x0608	0x3400 ;_Character+711
0x0609	0x349C ;_Character+712
0x060A	0x34BC ;_Character+713
0x060B	0x34A0 ;_Character+714
0x060C	0x34A0 ;_Character+715
0x060D	0x34FC ;_Character+716
0x060E	0x347C ;_Character+717
0x060F	0x3400 ;_Character+718
0x0610	0x3400 ;_Character+719
0x0611	0x344C ;_Character+720
0x0612	0x3464 ;_Character+721
0x0613	0x3474 ;_Character+722
0x0614	0x345C ;_Character+723
0x0615	0x344C ;_Character+724
0x0616	0x3464 ;_Character+725
0x0617	0x3400 ;_Character+726
0x0618	0x3400 ;_Character+727
; end of _Character
;8x40 PC.c,0 :: ?ICS_msg2
0x0619	0x3442 ;?ICS_msg2+0
0x061A	0x3461 ;?ICS_msg2+1
0x061B	0x346E ;?ICS_msg2+2
0x061C	0x3467 ;?ICS_msg2+3
0x061D	0x346C ;?ICS_msg2+4
0x061E	0x3461 ;?ICS_msg2+5
0x061F	0x3444 ;?ICS_msg2+6
0x0620	0x3465 ;?ICS_msg2+7
0x0621	0x3473 ;?ICS_msg2+8
0x0622	0x3468 ;?ICS_msg2+9
0x0623	0x3420 ;?ICS_msg2+10
0x0624	0x3420 ;?ICS_msg2+11
0x0625	0x3400 ;?ICS_msg2+12
; end of ?ICS_msg2
;8x40 PC.c,0 :: ?ICS_msg4
0x0626	0x3457 ;?ICS_msg4+0
0x0627	0x3465 ;?ICS_msg4+1
0x0628	0x346C ;?ICS_msg4+2
0x0629	0x3463 ;?ICS_msg4+3
0x062A	0x346F ;?ICS_msg4+4
0x062B	0x346D ;?ICS_msg4+5
0x062C	0x3465 ;?ICS_msg4+6
0x062D	0x3420 ;?ICS_msg4+7
0x062E	0x343A ;?ICS_msg4+8
0x062F	0x3429 ;?ICS_msg4+9
0x0630	0x3420 ;?ICS_msg4+10
0x0631	0x3420 ;?ICS_msg4+11
0x0632	0x3400 ;?ICS_msg4+12
; end of ?ICS_msg4
;8x40 PC.c,0 :: ?ICS_msg3
0x0633	0x344E ;?ICS_msg3+0
0x0634	0x3469 ;?ICS_msg3+1
0x0635	0x3463 ;?ICS_msg3+2
0x0636	0x3465 ;?ICS_msg3+3
0x0637	0x3420 ;?ICS_msg3+4
0x0638	0x3454 ;?ICS_msg3+5
0x0639	0x344F ;?ICS_msg3+6
0x063A	0x3420 ;?ICS_msg3+7
0x063B	0x346D ;?ICS_msg3+8
0x063C	0x3465 ;?ICS_msg3+9
0x063D	0x3465 ;?ICS_msg3+10
0x063E	0x3474 ;?ICS_msg3+11
0x063F	0x3420 ;?ICS_msg3+12
0x0640	0x3459 ;?ICS_msg3+13
0x0641	0x344F ;?ICS_msg3+14
0x0642	0x3455 ;?ICS_msg3+15
0x0643	0x342E ;?ICS_msg3+16
0x0644	0x3420 ;?ICS_msg3+17
0x0645	0x3420 ;?ICS_msg3+18
0x0646	0x3400 ;?ICS_msg3+19
; end of ?ICS_msg3
;8x40 PC.c,0 :: ?ICS_msg1
0x0647	0x3445 ;?ICS_msg1+0
0x0648	0x3449 ;?ICS_msg1+1
0x0649	0x3444 ;?ICS_msg1+2
0x064A	0x3420 ;?ICS_msg1+3
0x064B	0x344D ;?ICS_msg1+4
0x064C	0x3475 ;?ICS_msg1+5
0x064D	0x3462 ;?ICS_msg1+6
0x064E	0x3461 ;?ICS_msg1+7
0x064F	0x3472 ;?ICS_msg1+8
0x0650	0x3461 ;?ICS_msg1+9
0x0651	0x346B ;?ICS_msg1+10
0x0652	0x342E ;?ICS_msg1+11
0x0653	0x3420 ;?ICS_msg1+12
0x0654	0x3420 ;?ICS_msg1+13
0x0655	0x3400 ;?ICS_msg1+14
; end of ?ICS_msg1
Symbol List:
//** Routines locations **
//ADDRESS    SIZE    PROCEDURE
//----------------------------------------------
0x0003       [7]    _____DoICP
0x000A      [12]    ___CC2DW
0x0016      [63]    _check
0x0055     [742]    _main
//** Variables locations ** 
//ADDRESS    SIZE    VARIABLE
//----------------------------------------------
0x0000       [1]    INDF
0x0002       [1]    PCL
0x0003       [1]    STATUS
0x0004       [1]    FSR
0x0006       [1]    PORTB
0x0007       [1]    PORTC
0x000A       [1]    PCLATH
0x0020      [13]    _msg2
0x002D      [13]    _msg4
0x003A      [20]    _msg3
0x004E      [15]    _msg1
0x005D       [1]    _x
0x005E       [0]    _flag3
0x005E       [0]    _flag2
0x005E       [0]    _flag1
0x005F       [2]    _ll
0x0061       [2]    _i
0x0063       [2]    _i2
0x0065       [2]    _adress
0x0067       [2]    _count3
0x0069       [2]    _count2
0x006B       [2]    ___DoICPAddr
0x0070       [1]    R0
0x0071       [1]    R1
0x0072       [1]    R2
0x0073       [1]    R3
0x0074       [1]    R4
0x0075       [1]    R5
0x0076       [1]    R6
0x0077       [1]    R7
0x0078       [1]    R8
0x0079       [1]    R9
0x007A       [1]    R10
0x007B       [1]    R11
0x007C       [1]    R12
0x007D       [1]    R13
0x007E       [1]    R14
0x007F       [1]    R15
0x0086       [1]    TRISB
0x0087       [1]    TRISC
0x00A0      [40]    _movee
//** Constants locations ** 
//ADDRESS    SIZE    CONSTANT
//----------------------------------------------
0x0341     [728]    _Character
0x0619      [13]    ?ICS_msg2
0x0626      [13]    ?ICS_msg4
0x0633      [20]    ?ICS_msg3
0x0647      [15]    ?ICS_msg1
//** Label List: ** 
//----------------------------------------------
  L_check0
  L_check1
  L_check2
  L_check3
  L_check4
  L_check5
  L_main6
  L_main7
  L_main8
  L_main9
  L_main10
  L_main11
  L_main12
  L_main13
  L_main14
  L_main15
  L_main16
  L_main17
  L_main18
  L_main19
  L_main20
  L_main21
  L_main22
  L_main23
  L_main24
  L_main25
  L_main26
  L_main27
  L_main28
  L_main29
  L_main30
  L_main31
  L_main32
  L_main33
  L_main34
  L_main35
  L_main36
  L_main37
  L_main38
  L_main39
  L_main40
  L_main41
  L_main42
  L_main43
  L_main44
  L_main45
  L_main46
  L_main47
  L_main48
  L_main49
  L_main50
  L_main51
  L_main52
  L_main53
  L_main54
  L_main55
  L_main56
  L_main57
  L_main58
  L_main59
  L_main60
  L_main61
  L_main62
  L_main63
  L_main64
  L_main65
  L_main66
  L_main67
  L_main68
  L_main69
  L_main70
  L_main71
  L_main72
  L_main73
  L_main74
  L_main75
  L_main76
  L_main77
  L_main78
  L_main79
  L_main80
  L_main81
  L_end_check
  _check
  L_end_main
  _main
  L__main84
  L__main85
  L__main86
  L__main87
  L__main88
  L__main89
  L__main90
  L__main91
  L__main92
  L__main93
  L__main94
  L__main95
  L__main96
  L__main97
  L__main98
  L__main99
  L__main100
  L__main101
  L__main102
  L__main103
  L__main104
  L__main105
  L__main106
  L__main107
  L__main108
  L__main109
  L__main110
  L__main111
  L_loopCA2AWs
  L_CA2AWend
  _CCA2AW_Loop1
  L_loopCS2Ss
  L_CS2Send
  _CCS2S_Loop1
  L_CCS2Send
  L_loopFZinSWs
  L_FZinSend
  _CC2D_Loop1
  L_end_____DoICP
  _____DoICP
  L_end_____DoIFC
  _____DoIFC
  L_end___CA2AW
  ___CA2AW
  L_end___CCA2AW
  ___CCA2AW
  L_end___CS2S
  ___CS2S
  L_end___CCS2S
  ___CCS2S
  L_end___FZinS
  ___FZinS
  L_end___CC2DW
  ___CC2DW
  L_end_Swap
  _Swap
